<?xml version="1.0" encoding="UTF-8"?>
<coverage generated="1593015845982" clover="3.2.0">
  <project timestamp="1593015845983" name="All files">
    <metrics statements="4" coveredstatements="4" conditionals="2" coveredconditionals="2" methods="2" coveredmethods="2" elements="8" coveredelements="8" complexity="0" loc="4" ncloc="4" packages="1" files="1" classes="1"/>
    <file name="index.ts" path="/home/charles/projects/letter_E/src/index.ts">
      <metrics statements="4" coveredstatements="4" conditionals="2" coveredconditionals="2" methods="2" coveredmethods="2"/>
      <line num="1" count="1" type="stmt"/>
      <line num="2" count="10" type="stmt"/>
      <line num="3" count="88" type="cond" truecount="2" falsecount="0"/>
      <line num="5" count="10" type="stmt"/>
    </file>
  </project>
</coverage>
