{"/home/charles/projects/letter_E/src/index.ts": {"path":"/home/charles/projects/letter_E/src/index.ts","statementMap":{"0":{"start":{"line":1,"column":13},"end":{"line":6,"column":null}},"1":{"start":{"line":2,"column":12},"end":{"line":2,"column":17}},"2":{"start":{"line":3,"column":2},"end":{"line":3,"column":53}},"3":{"start":{"line":3,"column":19},"end":{"line":3,"column":49}},"4":{"start":{"line":3,"column":38},"end":{"line":3,"column":49}},"5":{"start":{"line":5,"column":2},"end":{"line":5,"column":13}}},"fnMap":{"0":{"name":"(anonymous_0)","decl":{"start":{"line":1,"column":41},"end":{"line":1,"column":42}},"loc":{"start":{"line":1,"column":79},"end":{"line":6,"column":1}}},"1":{"name":"(anonymous_1)","decl":{"start":{"line":3,"column":12},"end":{"line":3,"column":13}},"loc":{"start":{"line":3,"column":16},"end":{"line":3,"column":51}}}},"branchMap":{"0":{"loc":{"start":{"line":3,"column":19},"end":{"line":3,"column":49}},"type":"if","locations":[{"start":{"line":3,"column":19},"end":{"line":3,"column":49}},{"start":{"line":3,"column":19},"end":{"line":3,"column":49}}]}},"s":{"0":1,"1":10,"2":10,"3":88,"4":7,"5":10},"f":{"0":10,"1":88},"b":{"0":[7,81]}}
}
